[2025-03-11 04:46:51.243] [Info] ==================================================
[2025-03-11 04:46:51.243] [Info] 程序启动 - 版本: 1.0 - 时间: 2025/3/11 4:46:51
[2025-03-11 04:46:51.244] [Info] ==================================================
[2025-03-11 04:46:51.244] [Info] MainForm初始化开始
[2025-03-11 04:46:51.359] [Info] MainForm初始化完成
[2025-03-11 04:49:46.580] [Info] ==================================================
[2025-03-11 04:49:46.581] [Info] 程序启动 - 版本: 1.0 - 时间: 2025/3/11 4:49:46
[2025-03-11 04:49:46.581] [Info] ==================================================
[2025-03-11 04:49:46.581] [Info] MainForm初始化开始
[2025-03-11 04:49:46.706] [Info] MainForm初始化完成
[2025-03-11 04:50:15.894] [Info] 开始自动点击
[2025-03-11 04:50:15.895] [Info] 创建任务计时器 - 索引:0 进程:Notepad 间隔:4000ms
[2025-03-11 04:50:19.897] [Debug] 触发任务计时器 - 索引:0
[2025-03-11 04:50:19.921] [Info] 执行任务点击 - 索引:0 进程:Notepad 位置:(177,157)
[2025-03-11 04:50:19.924] [Debug] 开始执行点击 - 进程:Notepad PID:55324 位置:(177,157)
[2025-03-11 04:50:19.950] [Debug] 找到目标窗口 - 句柄:0x000724C2
[2025-03-11 04:50:19.952] [Debug] 尝试方法1: 使用PostMessage发送点击消息
[2025-03-11 04:50:19.954] [Debug] SendClickMessages - 窗口:0x000724C2 位置:(177,157)
[2025-03-11 04:50:19.955] [Debug] 点击类型: 左键单击
[2025-03-11 04:50:19.957] [Debug] 发送鼠标移动消息 - 结果:True
[2025-03-11 04:50:19.958] [Debug] 发送鼠标按下消息 - 结果:True
[2025-03-11 04:50:19.973] [Debug] 发送鼠标抬起消息 - 结果:True
[2025-03-11 04:50:19.989] [Debug] SendClickMessages结果: True
[2025-03-11 04:50:19.990] [Info] 点击成功 - Notepad (177,157)
[2025-03-11 04:50:19.995] [Debug] 设置新的计时器间隔 - 任务:0 基础间隔:4000 随机延迟:34 总间隔:4034
[2025-03-11 04:50:24.048] [Debug] 触发任务计时器 - 索引:0
[2025-03-11 04:50:24.070] [Info] 执行任务点击 - 索引:0 进程:Notepad 位置:(177,157)
[2025-03-11 04:50:24.071] [Debug] 开始执行点击 - 进程:Notepad PID:55324 位置:(177,157)
[2025-03-11 04:50:24.094] [Debug] 找到目标窗口 - 句柄:0x000724C2
[2025-03-11 04:50:24.095] [Debug] 尝试方法1: 使用PostMessage发送点击消息
[2025-03-11 04:50:24.097] [Debug] SendClickMessages - 窗口:0x000724C2 位置:(177,157)
[2025-03-11 04:50:24.098] [Debug] 点击类型: 左键单击
[2025-03-11 04:50:24.099] [Debug] 发送鼠标移动消息 - 结果:True
[2025-03-11 04:50:24.100] [Debug] 发送鼠标按下消息 - 结果:True
[2025-03-11 04:50:24.126] [Debug] 发送鼠标抬起消息 - 结果:True
[2025-03-11 04:50:24.141] [Debug] SendClickMessages结果: True
[2025-03-11 04:50:24.142] [Info] 点击成功 - Notepad (177,157)
[2025-03-11 04:50:24.143] [Debug] 设置新的计时器间隔 - 任务:0 基础间隔:4000 随机延迟:1235 总间隔:5235
[2025-03-11 04:50:29.392] [Debug] 触发任务计时器 - 索引:0
[2025-03-11 04:50:29.416] [Info] 执行任务点击 - 索引:0 进程:Notepad 位置:(177,157)
[2025-03-11 04:50:29.417] [Debug] 开始执行点击 - 进程:Notepad PID:55324 位置:(177,157)
[2025-03-11 04:50:29.443] [Debug] 找到目标窗口 - 句柄:0x000724C2
[2025-03-11 04:50:29.444] [Debug] 尝试方法1: 使用PostMessage发送点击消息
[2025-03-11 04:50:29.446] [Debug] SendClickMessages - 窗口:0x000724C2 位置:(177,157)
[2025-03-11 04:50:29.447] [Debug] 点击类型: 左键单击
[2025-03-11 04:50:29.448] [Debug] 发送鼠标移动消息 - 结果:True
[2025-03-11 04:50:29.448] [Debug] 发送鼠标按下消息 - 结果:True
[2025-03-11 04:50:29.468] [Debug] 发送鼠标抬起消息 - 结果:True
[2025-03-11 04:50:29.484] [Debug] SendClickMessages结果: True
[2025-03-11 04:50:29.485] [Info] 点击成功 - Notepad (177,157)
[2025-03-11 04:50:29.486] [Debug] 设置新的计时器间隔 - 任务:0 基础间隔:4000 随机延迟:529 总间隔:4529
[2025-03-11 04:50:34.022] [Debug] 触发任务计时器 - 索引:0
[2025-03-11 04:50:34.046] [Info] 执行任务点击 - 索引:0 进程:Notepad 位置:(177,157)
[2025-03-11 04:50:34.047] [Debug] 开始执行点击 - 进程:Notepad PID:55324 位置:(177,157)
[2025-03-11 04:50:34.072] [Debug] 找到目标窗口 - 句柄:0x000724C2
[2025-03-11 04:50:34.073] [Debug] 尝试方法1: 使用PostMessage发送点击消息
[2025-03-11 04:50:34.074] [Debug] SendClickMessages - 窗口:0x000724C2 位置:(177,157)
[2025-03-11 04:50:34.074] [Debug] 点击类型: 左键单击
[2025-03-11 04:50:34.076] [Debug] 发送鼠标移动消息 - 结果:True
[2025-03-11 04:50:34.077] [Debug] 发送鼠标按下消息 - 结果:True
[2025-03-11 04:50:34.100] [Debug] 发送鼠标抬起消息 - 结果:True
[2025-03-11 04:50:34.115] [Debug] SendClickMessages结果: True
[2025-03-11 04:50:34.116] [Info] 点击成功 - Notepad (177,157)
[2025-03-11 04:50:34.117] [Debug] 设置新的计时器间隔 - 任务:0 基础间隔:4000 随机延迟:1430 总间隔:5430
[2025-03-11 04:50:39.558] [Debug] 触发任务计时器 - 索引:0
[2025-03-11 04:50:39.580] [Info] 执行任务点击 - 索引:0 进程:Notepad 位置:(177,157)
[2025-03-11 04:50:39.581] [Debug] 开始执行点击 - 进程:Notepad PID:55324 位置:(177,157)
[2025-03-11 04:50:39.605] [Debug] 找到目标窗口 - 句柄:0x06311F48
[2025-03-11 04:50:39.606] [Debug] 尝试方法1: 使用PostMessage发送点击消息
[2025-03-11 04:50:39.607] [Debug] SendClickMessages - 窗口:0x06311F48 位置:(177,157)
[2025-03-11 04:50:39.608] [Debug] 点击类型: 左键单击
[2025-03-11 04:50:39.609] [Debug] 发送鼠标移动消息 - 结果:True
[2025-03-11 04:50:39.610] [Debug] 发送鼠标按下消息 - 结果:True
[2025-03-11 04:50:39.635] [Debug] 发送鼠标抬起消息 - 结果:True
[2025-03-11 04:50:39.651] [Debug] SendClickMessages结果: True
[2025-03-11 04:50:39.652] [Info] 点击成功 - Notepad (177,157)
[2025-03-11 04:50:39.653] [Debug] 设置新的计时器间隔 - 任务:0 基础间隔:4000 随机延迟:459 总间隔:4459
[2025-03-11 04:50:44.128] [Debug] 触发任务计时器 - 索引:0
[2025-03-11 04:50:44.159] [Info] 执行任务点击 - 索引:0 进程:Notepad 位置:(177,157)
[2025-03-11 04:50:44.160] [Debug] 开始执行点击 - 进程:Notepad PID:55324 位置:(177,157)
[2025-03-11 04:50:44.185] [Debug] 找到目标窗口 - 句柄:0x06311F48
[2025-03-11 04:50:44.186] [Debug] 尝试方法1: 使用PostMessage发送点击消息
[2025-03-11 04:50:44.186] [Debug] SendClickMessages - 窗口:0x06311F48 位置:(177,157)
[2025-03-11 04:50:44.187] [Debug] 点击类型: 左键单击
[2025-03-11 04:50:44.188] [Debug] 发送鼠标移动消息 - 结果:True
[2025-03-11 04:50:44.189] [Debug] 发送鼠标按下消息 - 结果:True
[2025-03-11 04:50:44.206] [Debug] 发送鼠标抬起消息 - 结果:True
[2025-03-11 04:50:44.222] [Debug] SendClickMessages结果: True
[2025-03-11 04:50:44.223] [Info] 点击成功 - Notepad (177,157)
[2025-03-11 04:50:44.224] [Debug] 设置新的计时器间隔 - 任务:0 基础间隔:4000 随机延迟:408 总间隔:4408
[2025-03-11 04:50:48.650] [Debug] 触发任务计时器 - 索引:0
[2025-03-11 04:50:48.675] [Info] 执行任务点击 - 索引:0 进程:Notepad 位置:(177,157)
[2025-03-11 04:50:48.676] [Debug] 开始执行点击 - 进程:Notepad PID:55324 位置:(177,157)
[2025-03-11 04:50:48.703] [Debug] 找到目标窗口 - 句柄:0x06311F48
[2025-03-11 04:50:48.704] [Debug] 尝试方法1: 使用PostMessage发送点击消息
[2025-03-11 04:50:48.706] [Debug] SendClickMessages - 窗口:0x06311F48 位置:(177,157)
[2025-03-11 04:50:48.706] [Debug] 点击类型: 左键单击
[2025-03-11 04:50:48.708] [Debug] 发送鼠标移动消息 - 结果:True
[2025-03-11 04:50:48.709] [Debug] 发送鼠标按下消息 - 结果:True
[2025-03-11 04:50:48.732] [Debug] 发送鼠标抬起消息 - 结果:True
[2025-03-11 04:50:48.748] [Debug] SendClickMessages结果: True
[2025-03-11 04:50:48.749] [Info] 点击成功 - Notepad (177,157)
[2025-03-11 04:50:48.750] [Debug] 设置新的计时器间隔 - 任务:0 基础间隔:4000 随机延迟:1675 总间隔:5675
[2025-03-11 04:50:54.449] [Debug] 触发任务计时器 - 索引:0
[2025-03-11 04:50:54.472] [Info] 执行任务点击 - 索引:0 进程:Notepad 位置:(177,157)
[2025-03-11 04:50:54.473] [Debug] 开始执行点击 - 进程:Notepad PID:55324 位置:(177,157)
[2025-03-11 04:50:54.496] [Debug] 找到目标窗口 - 句柄:0x06311F48
[2025-03-11 04:50:54.498] [Debug] 尝试方法1: 使用PostMessage发送点击消息
[2025-03-11 04:50:54.499] [Debug] SendClickMessages - 窗口:0x06311F48 位置:(177,157)
[2025-03-11 04:50:54.500] [Debug] 点击类型: 左键单击
[2025-03-11 04:50:54.501] [Debug] 发送鼠标移动消息 - 结果:True
[2025-03-11 04:50:54.502] [Debug] 发送鼠标按下消息 - 结果:True
[2025-03-11 04:50:54.514] [Debug] 发送鼠标抬起消息 - 结果:True
[2025-03-11 04:50:54.530] [Debug] SendClickMessages结果: True
[2025-03-11 04:50:54.531] [Info] 点击成功 - Notepad (177,157)
[2025-03-11 04:50:54.542] [Debug] 设置新的计时器间隔 - 任务:0 基础间隔:4000 随机延迟:309 总间隔:4309
[2025-03-11 04:50:58.659] [Debug] 触发任务计时器 - 索引:1
[2025-03-11 04:50:58.681] [Info] 执行任务点击 - 索引:1 进程:cheatengine-x86_64-SSE4-AVX2 位置:(324,446)
[2025-03-11 04:50:58.682] [Debug] 开始执行点击 - 进程:cheatengine-x86_64-SSE4-AVX2 PID:89992 位置:(324,446)
[2025-03-11 04:50:58.707] [Debug] 找到目标窗口 - 句柄:0x00F7040C
[2025-03-11 04:50:58.707] [Debug] 尝试方法1: 使用PostMessage发送点击消息
[2025-03-11 04:50:58.708] [Debug] SendClickMessages - 窗口:0x00F7040C 位置:(324,446)
[2025-03-11 04:50:58.710] [Debug] 点击类型: 左键单击
[2025-03-11 04:50:58.711] [Debug] 发送鼠标移动消息 - 结果:True
[2025-03-11 04:50:58.714] [Debug] 发送鼠标按下消息 - 结果:True
[2025-03-11 04:50:58.736] [Debug] 发送鼠标抬起消息 - 结果:True
[2025-03-11 04:50:58.752] [Debug] SendClickMessages结果: True
[2025-03-11 04:50:58.753] [Info] 点击成功 - cheatengine-x86_64-SSE4-AVX2 (324,446)
[2025-03-11 04:50:58.755] [Debug] 设置新的计时器间隔 - 任务:1 基础间隔:4000 随机延迟:67 总间隔:4067
[2025-03-11 04:50:58.757] [Debug] 触发任务计时器 - 索引:0
[2025-03-11 04:50:58.780] [Info] 执行任务点击 - 索引:0 进程:Notepad 位置:(177,157)
[2025-03-11 04:50:58.781] [Debug] 开始执行点击 - 进程:Notepad PID:55324 位置:(177,157)
[2025-03-11 04:50:58.805] [Debug] 找到目标窗口 - 句柄:0x06311F48
[2025-03-11 04:50:58.807] [Debug] 尝试方法1: 使用PostMessage发送点击消息
[2025-03-11 04:50:58.808] [Debug] SendClickMessages - 窗口:0x06311F48 位置:(177,157)
[2025-03-11 04:50:58.809] [Debug] 点击类型: 左键单击
[2025-03-11 04:50:58.811] [Debug] 发送鼠标移动消息 - 结果:True
[2025-03-11 04:50:58.812] [Debug] 发送鼠标按下消息 - 结果:True
[2025-03-11 04:50:58.830] [Debug] 发送鼠标抬起消息 - 结果:True
[2025-03-11 04:50:58.846] [Debug] SendClickMessages结果: True
[2025-03-11 04:50:58.846] [Info] 点击成功 - Notepad (177,157)
[2025-03-11 04:50:58.848] [Debug] 设置新的计时器间隔 - 任务:0 基础间隔:4000 随机延迟:36 总间隔:4036
[2025-03-11 04:51:02.828] [Debug] 触发任务计时器 - 索引:1
[2025-03-11 04:51:02.851] [Info] 执行任务点击 - 索引:1 进程:cheatengine-x86_64-SSE4-AVX2 位置:(324,446)
[2025-03-11 04:51:02.852] [Debug] 开始执行点击 - 进程:cheatengine-x86_64-SSE4-AVX2 PID:89992 位置:(324,446)
[2025-03-11 04:51:02.876] [Debug] 找到目标窗口 - 句柄:0x03D914B0
[2025-03-11 04:51:02.877] [Debug] 尝试方法1: 使用PostMessage发送点击消息
[2025-03-11 04:51:02.878] [Debug] SendClickMessages - 窗口:0x03D914B0 位置:(324,446)
[2025-03-11 04:51:02.879] [Debug] 点击类型: 左键单击
[2025-03-11 04:51:02.880] [Debug] 发送鼠标移动消息 - 结果:True
[2025-03-11 04:51:02.880] [Debug] 发送鼠标按下消息 - 结果:True
[2025-03-11 04:51:02.905] [Debug] 发送鼠标抬起消息 - 结果:True
[2025-03-11 04:51:02.921] [Debug] SendClickMessages结果: True
[2025-03-11 04:51:02.923] [Info] 点击成功 - cheatengine-x86_64-SSE4-AVX2 (324,446)
[2025-03-11 04:51:02.924] [Debug] 设置新的计时器间隔 - 任务:1 基础间隔:4000 随机延迟:137 总间隔:4137
[2025-03-11 04:51:02.960] [Debug] 触发任务计时器 - 索引:0
[2025-03-11 04:51:02.983] [Info] 执行任务点击 - 索引:0 进程:Notepad 位置:(177,157)
[2025-03-11 04:51:02.984] [Debug] 开始执行点击 - 进程:Notepad PID:55324 位置:(177,157)
[2025-03-11 04:51:03.015] [Debug] 找到目标窗口 - 句柄:0x06311F48
[2025-03-11 04:51:03.016] [Debug] 尝试方法1: 使用PostMessage发送点击消息
[2025-03-11 04:51:03.017] [Debug] SendClickMessages - 窗口:0x06311F48 位置:(177,157)
[2025-03-11 04:51:03.018] [Debug] 点击类型: 左键单击
[2025-03-11 04:51:03.019] [Debug] 发送鼠标移动消息 - 结果:True
[2025-03-11 04:51:03.020] [Debug] 发送鼠标按下消息 - 结果:True
[2025-03-11 04:51:03.044] [Debug] 发送鼠标抬起消息 - 结果:True
[2025-03-11 04:51:03.060] [Debug] SendClickMessages结果: True
[2025-03-11 04:51:03.061] [Info] 点击成功 - Notepad (177,157)
[2025-03-11 04:51:03.062] [Debug] 设置新的计时器间隔 - 任务:0 基础间隔:4000 随机延迟:954 总间隔:4954
[2025-03-11 04:51:07.058] [Debug] 触发任务计时器 - 索引:1
[2025-03-11 04:51:07.088] [Error] 检查进程存在时出错 - 进程ID:89992 错误:ID 为 89992 的进程当前未运行。
[2025-03-11 04:51:07.089] [Warning] 进程不存在，删除任务 - 进程:cheatengine-x86_64-SSE4-AVX2 PID:89992
[2025-03-11 05:15:26.258] [Info] ==================================================
[2025-03-11 05:15:26.260] [Info] 程序启动 - 版本: 1.0 - 时间: 2025/3/11 5:15:26
[2025-03-11 05:15:26.261] [Info] ==================================================
[2025-03-11 05:15:26.262] [Info] MainForm初始化开始
[2025-03-11 05:15:26.385] [Info] MainForm初始化完成
[2025-03-11 05:15:36.014] [Info] 开始自动点击
[2025-03-11 05:15:36.015] [Info] 创建任务计时器 - 索引:0 进程:cheatengine-x86_64-SSE4-AVX2 间隔:4000ms
[2025-03-11 05:15:40.015] [Debug] 触发任务计时器 - 索引:0
[2025-03-11 05:15:40.043] [Info] 执行任务点击 - 索引:0 进程:cheatengine-x86_64-SSE4-AVX2 位置:(325,440)
[2025-03-11 05:15:40.045] [Debug] 开始执行点击 - 进程:cheatengine-x86_64-SSE4-AVX2 PID:83436 位置:(325,440)
[2025-03-11 05:15:40.068] [Debug] 找到目标窗口 - 句柄:0x020E1122
[2025-03-11 05:15:40.069] [Debug] 尝试方法1: 使用PostMessage发送点击消息
[2025-03-11 05:15:40.071] [Debug] SendClickMessages - 窗口:0x020E1122 位置:(325,440)
[2025-03-11 05:15:40.072] [Debug] 点击类型: 左键单击
[2025-03-11 05:15:40.073] [Debug] 发送鼠标移动消息 - 结果:True
[2025-03-11 05:15:40.074] [Debug] 发送鼠标按下消息 - 结果:True
[2025-03-11 05:15:40.091] [Debug] 发送鼠标抬起消息 - 结果:True
[2025-03-11 05:15:40.106] [Debug] SendClickMessages结果: True
[2025-03-11 05:15:40.107] [Info] 点击成功 - cheatengine-x86_64-SSE4-AVX2 (325,440)
[2025-03-11 05:15:40.108] [Debug] 设置新的计时器间隔 - 任务:0 基础间隔:4000 随机延迟:0 总间隔:4000
[2025-03-11 05:15:48.999] [Debug] 触发任务计时器 - 索引:0
[2025-03-11 05:15:49.047] [Info] 执行任务点击 - 索引:0 进程:cheatengine-x86_64-SSE4-AVX2 位置:(327,440)
[2025-03-11 05:15:49.049] [Debug] 开始执行点击 - 进程:cheatengine-x86_64-SSE4-AVX2 PID:83436 位置:(327,440)
[2025-03-11 05:15:49.078] [Debug] 找到目标窗口 - 句柄:0x020E1122
[2025-03-11 05:15:49.079] [Debug] 尝试方法1: 使用PostMessage发送点击消息
[2025-03-11 05:15:49.080] [Debug] SendClickMessages - 窗口:0x020E1122 位置:(327,440)
[2025-03-11 05:15:49.081] [Debug] 点击类型: 左键单击
[2025-03-11 05:15:49.082] [Debug] 发送鼠标移动消息 - 结果:True
[2025-03-11 05:15:49.083] [Debug] 发送鼠标按下消息 - 结果:True
[2025-03-11 05:15:49.098] [Debug] 发送鼠标抬起消息 - 结果:True
[2025-03-11 05:15:49.113] [Debug] SendClickMessages结果: True
[2025-03-11 05:15:49.114] [Info] 点击成功 - cheatengine-x86_64-SSE4-AVX2 (327,440)
[2025-03-11 05:15:49.115] [Debug] 设置新的计时器间隔 - 任务:0 基础间隔:4000 随机延迟:137 总间隔:4137
[2025-03-11 05:15:53.256] [Debug] 触发任务计时器 - 索引:0
[2025-03-11 05:15:53.278] [Info] 执行任务点击 - 索引:0 进程:cheatengine-x86_64-SSE4-AVX2 位置:(327,440)
[2025-03-11 05:15:53.280] [Debug] 开始执行点击 - 进程:cheatengine-x86_64-SSE4-AVX2 PID:83436 位置:(327,440)
[2025-03-11 05:15:53.304] [Debug] 找到目标窗口 - 句柄:0x020E1122
[2025-03-11 05:15:53.305] [Debug] 尝试方法1: 使用PostMessage发送点击消息
[2025-03-11 05:15:53.306] [Debug] SendClickMessages - 窗口:0x020E1122 位置:(327,440)
[2025-03-11 05:15:53.307] [Debug] 点击类型: 左键单击
[2025-03-11 05:15:53.307] [Debug] 发送鼠标移动消息 - 结果:True
[2025-03-11 05:15:53.308] [Debug] 发送鼠标按下消息 - 结果:True
[2025-03-11 05:15:53.333] [Debug] 发送鼠标抬起消息 - 结果:True
[2025-03-11 05:15:53.348] [Debug] SendClickMessages结果: True
[2025-03-11 05:15:53.349] [Info] 点击成功 - cheatengine-x86_64-SSE4-AVX2 (327,440)
[2025-03-11 05:15:53.350] [Debug] 设置新的计时器间隔 - 任务:0 基础间隔:4000 随机延迟:133 总间隔:4133
[2025-03-11 05:15:57.488] [Debug] 触发任务计时器 - 索引:0
[2025-03-11 05:15:57.511] [Info] 执行任务点击 - 索引:0 进程:cheatengine-x86_64-SSE4-AVX2 位置:(327,440)
[2025-03-11 05:15:57.512] [Debug] 开始执行点击 - 进程:cheatengine-x86_64-SSE4-AVX2 PID:83436 位置:(327,440)
[2025-03-11 05:15:57.536] [Debug] 找到目标窗口 - 句柄:0x020E1122
[2025-03-11 05:15:57.536] [Debug] 尝试方法1: 使用PostMessage发送点击消息
[2025-03-11 05:15:57.538] [Debug] SendClickMessages - 窗口:0x020E1122 位置:(327,440)
[2025-03-11 05:15:57.539] [Debug] 点击类型: 左键单击
[2025-03-11 05:15:57.540] [Debug] 发送鼠标移动消息 - 结果:True
[2025-03-11 05:15:57.540] [Debug] 发送鼠标按下消息 - 结果:True
[2025-03-11 05:15:57.563] [Debug] 发送鼠标抬起消息 - 结果:True
[2025-03-11 05:15:57.579] [Debug] SendClickMessages结果: True
[2025-03-11 05:15:57.580] [Info] 点击成功 - cheatengine-x86_64-SSE4-AVX2 (327,440)
[2025-03-11 05:15:57.581] [Debug] 设置新的计时器间隔 - 任务:0 基础间隔:4000 随机延迟:33 总间隔:4033
[2025-03-11 05:16:01.646] [Debug] 触发任务计时器 - 索引:0
[2025-03-11 05:16:01.670] [Info] 执行任务点击 - 索引:0 进程:cheatengine-x86_64-SSE4-AVX2 位置:(327,440)
[2025-03-11 05:16:01.671] [Debug] 开始执行点击 - 进程:cheatengine-x86_64-SSE4-AVX2 PID:83436 位置:(327,440)
[2025-03-11 05:16:01.694] [Debug] 找到目标窗口 - 句柄:0x020E1122
[2025-03-11 05:16:01.695] [Debug] 尝试方法1: 使用PostMessage发送点击消息
[2025-03-11 05:16:01.697] [Debug] SendClickMessages - 窗口:0x020E1122 位置:(327,440)
[2025-03-11 05:16:01.697] [Debug] 点击类型: 左键单击
[2025-03-11 05:16:01.698] [Debug] 发送鼠标移动消息 - 结果:True
[2025-03-11 05:16:01.699] [Debug] 发送鼠标按下消息 - 结果:True
[2025-03-11 05:16:01.721] [Debug] 发送鼠标抬起消息 - 结果:True
[2025-03-11 05:16:01.737] [Debug] SendClickMessages结果: True
[2025-03-11 05:16:01.738] [Info] 点击成功 - cheatengine-x86_64-SSE4-AVX2 (327,440)
[2025-03-11 05:16:01.739] [Debug] 设置新的计时器间隔 - 任务:0 基础间隔:4000 随机延迟:77 总间隔:4077
[2025-03-11 05:16:05.819] [Debug] 触发任务计时器 - 索引:0
[2025-03-11 05:16:05.841] [Info] 执行任务点击 - 索引:0 进程:cheatengine-x86_64-SSE4-AVX2 位置:(327,440)
[2025-03-11 05:16:05.842] [Debug] 开始执行点击 - 进程:cheatengine-x86_64-SSE4-AVX2 PID:83436 位置:(327,440)
[2025-03-11 05:16:05.867] [Debug] 找到目标窗口 - 句柄:0x020E1122
[2025-03-11 05:16:05.868] [Debug] 尝试方法1: 使用PostMessage发送点击消息
[2025-03-11 05:16:05.869] [Debug] SendClickMessages - 窗口:0x020E1122 位置:(327,440)
[2025-03-11 05:16:05.870] [Debug] 点击类型: 左键单击
[2025-03-11 05:16:05.871] [Debug] 发送鼠标移动消息 - 结果:True
[2025-03-11 05:16:05.872] [Debug] 发送鼠标按下消息 - 结果:True
[2025-03-11 05:16:05.896] [Debug] 发送鼠标抬起消息 - 结果:True
[2025-03-11 05:16:05.911] [Debug] SendClickMessages结果: True
[2025-03-11 05:16:05.912] [Info] 点击成功 - cheatengine-x86_64-SSE4-AVX2 (327,440)
[2025-03-11 05:16:05.913] [Debug] 设置新的计时器间隔 - 任务:0 基础间隔:4000 随机延迟:30 总间隔:4030
[2025-03-11 05:18:46.339] [Info] ==================================================
[2025-03-11 05:18:46.339] [Info] 程序启动 - 版本: 1.0 - 时间: 2025/3/11 5:18:46
[2025-03-11 05:18:46.340] [Info] ==================================================
[2025-03-11 05:18:46.341] [Info] MainForm初始化开始
[2025-03-11 05:18:46.486] [Info] MainForm初始化完成
[2025-03-11 05:18:52.932] [Info] 开始自动点击
[2025-03-11 05:18:52.932] [Info] 创建任务计时器 - 索引:0 进程:cheatengine-x86_64-SSE4-AVX2 间隔:4000ms
[2025-03-11 05:18:56.933] [Debug] 触发任务计时器 - 索引:0
[2025-03-11 05:18:56.958] [Info] 执行任务点击 - 索引:0 进程:cheatengine-x86_64-SSE4-AVX2 位置:(327,440)
[2025-03-11 05:18:56.960] [Debug] 开始执行点击 - 进程:cheatengine-x86_64-SSE4-AVX2 PID:83436 坐标:(327,440)
[2025-03-11 05:18:56.961] [Debug] 尝试直接向控件发送消息 - 句柄:0x020E1122
[2025-03-11 05:18:56.991] [Debug] 方法1 (直接控件句柄): 成功
[2025-03-11 05:18:56.992] [Info] 点击成功 - cheatengine-x86_64-SSE4-AVX2 (327,440)
[2025-03-11 05:18:56.994] [Debug] 设置新的计时器间隔 - 任务:0 基础间隔:4000 随机延迟:163 总间隔:4163
[2025-03-11 05:19:05.831] [Debug] 触发任务计时器 - 索引:0
[2025-03-11 05:19:05.854] [Info] 执行任务点击 - 索引:0 进程:cheatengine-x86_64-SSE4-AVX2 位置:(325,443)
[2025-03-11 05:19:05.855] [Debug] 开始执行点击 - 进程:cheatengine-x86_64-SSE4-AVX2 PID:83436 坐标:(325,443)
[2025-03-11 05:19:05.856] [Debug] 尝试直接向控件发送消息 - 句柄:0x00AE132E
[2025-03-11 05:19:07.475] [Debug] 方法1 (直接控件句柄): 成功
[2025-03-11 05:19:07.475] [Info] 点击成功 - cheatengine-x86_64-SSE4-AVX2 (325,443)
[2025-03-11 05:19:07.477] [Debug] 设置新的计时器间隔 - 任务:0 基础间隔:4000 随机延迟:59 总间隔:4059
[2025-03-11 05:19:11.525] [Debug] 触发任务计时器 - 索引:0
[2025-03-11 05:19:11.547] [Info] 执行任务点击 - 索引:0 进程:cheatengine-x86_64-SSE4-AVX2 位置:(325,443)
[2025-03-11 05:19:11.548] [Debug] 开始执行点击 - 进程:cheatengine-x86_64-SSE4-AVX2 PID:83436 坐标:(325,443)
[2025-03-11 05:19:11.549] [Debug] 尝试直接向控件发送消息 - 句柄:0x00AE132E
[2025-03-11 05:19:13.274] [Debug] 方法1 (直接控件句柄): 成功
[2025-03-11 05:19:13.275] [Info] 点击成功 - cheatengine-x86_64-SSE4-AVX2 (325,443)
[2025-03-11 05:19:13.277] [Debug] 设置新的计时器间隔 - 任务:0 基础间隔:4000 随机延迟:156 总间隔:4156
[2025-03-11 05:21:16.252] [Info] ==================================================
[2025-03-11 05:21:16.252] [Info] 程序启动 - 版本: 1.0 - 时间: 2025/3/11 5:21:16
[2025-03-11 05:21:16.254] [Info] ==================================================
[2025-03-11 05:21:16.254] [Info] MainForm初始化开始
[2025-03-11 05:21:16.366] [Info] MainForm初始化完成
[2025-03-11 05:24:32.292] [Info] ==================================================
[2025-03-11 05:24:32.293] [Info] 程序启动 - 版本: 1.0 - 时间: 2025/3/11 5:24:32
[2025-03-11 05:24:32.294] [Info] ==================================================
[2025-03-11 05:24:32.295] [Info] MainForm初始化开始
[2025-03-11 05:24:32.469] [Info] MainForm初始化完成
[2025-03-11 05:26:05.528] [Info] ==================================================
[2025-03-11 05:26:05.528] [Info] 程序启动 - 版本: 1.0 - 时间: 2025/3/11 5:26:05
[2025-03-11 05:26:05.529] [Info] ==================================================
[2025-03-11 05:26:05.530] [Info] MainForm初始化开始
[2025-03-11 05:26:05.676] [Info] MainForm初始化完成
[2025-03-11 05:27:31.247] [Info] ==================================================
[2025-03-11 05:27:31.248] [Info] 程序启动 - 版本: 1.0 - 时间: 2025/3/11 5:27:31
[2025-03-11 05:27:31.248] [Info] ==================================================
[2025-03-11 05:27:31.250] [Info] MainForm初始化开始
[2025-03-11 05:27:31.393] [Info] MainForm初始化完成
[2025-03-11 05:29:08.975] [Info] ==================================================
[2025-03-11 05:29:08.976] [Info] 程序启动 - 版本: 1.0 - 时间: 2025/3/11 5:29:08
[2025-03-11 05:29:08.977] [Info] ==================================================
[2025-03-11 05:29:08.978] [Info] MainForm初始化开始
[2025-03-11 05:29:09.128] [Info] MainForm初始化完成
[2025-03-11 05:34:12.092] [Info] ==================================================
[2025-03-11 05:34:12.093] [Info] 程序启动 - 版本: 1.0 - 时间: 2025/3/11 5:34:12
[2025-03-11 05:34:12.093] [Info] ==================================================
[2025-03-11 05:34:12.095] [Info] MainForm初始化开始
[2025-03-11 05:34:12.248] [Info] MainForm初始化完成
[2025-03-11 05:39:09.761] [Info] ==================================================
[2025-03-11 05:39:09.762] [Info] 程序启动 - 版本: 1.0 - 时间: 2025/3/11 5:39:09
[2025-03-11 05:39:09.763] [Info] ==================================================
[2025-03-11 05:39:09.764] [Info] MainForm初始化开始
[2025-03-11 05:39:09.879] [Info] MainForm初始化完成
[2025-03-11 05:39:38.681] [Info] 开始自动点击
[2025-03-11 05:39:38.682] [Info] 创建任务计时器 - 索引:0 进程:cheatengine-x86_64-SSE4-AVX2 间隔:4000ms
[2025-03-11 05:39:42.688] [Debug] 触发任务计时器 - 索引:0
[2025-03-11 05:39:42.710] [Info] 执行任务点击 - 索引:0 进程:cheatengine-x86_64-SSE4-AVX2 位置:(90,448)
[2025-03-11 05:39:42.712] [Debug] 开始执行点击 - 进程:cheatengine-x86_64-SSE4-AVX2 PID:73780 位置:(90,448) 模式:模式1
[2025-03-11 05:39:42.714] [Debug] 尝试直接向控件发送消息 - 句柄:0x05A1161C 相对坐标:(90,448)
[2025-03-11 05:39:42.765] [Info] 点击成功 - cheatengine-x86_64-SSE4-AVX2 (90,448)
[2025-03-11 05:39:42.766] [Debug] 设置新的计时器间隔 - 任务:0 基础间隔:4000 随机延迟:87 总间隔:4087
[2025-03-11 05:39:46.888] [Debug] 触发任务计时器 - 索引:0
[2025-03-11 05:39:46.913] [Info] 执行任务点击 - 索引:0 进程:cheatengine-x86_64-SSE4-AVX2 位置:(90,448)
[2025-03-11 05:39:46.914] [Debug] 开始执行点击 - 进程:cheatengine-x86_64-SSE4-AVX2 PID:73780 位置:(90,448) 模式:模式1
[2025-03-11 05:39:46.915] [Debug] 尝试直接向控件发送消息 - 句柄:0x05A1161C 相对坐标:(90,448)
[2025-03-11 05:39:46.943] [Info] 点击成功 - cheatengine-x86_64-SSE4-AVX2 (90,448)
[2025-03-11 05:39:46.944] [Debug] 设置新的计时器间隔 - 任务:0 基础间隔:4000 随机延迟:17 总间隔:4017
[2025-03-11 05:39:50.975] [Debug] 触发任务计时器 - 索引:0
[2025-03-11 05:39:50.997] [Info] 执行任务点击 - 索引:0 进程:cheatengine-x86_64-SSE4-AVX2 位置:(90,448)
[2025-03-11 05:39:50.997] [Debug] 开始执行点击 - 进程:cheatengine-x86_64-SSE4-AVX2 PID:73780 位置:(90,448) 模式:模式1
[2025-03-11 05:39:50.998] [Debug] 尝试直接向控件发送消息 - 句柄:0x05A1161C 相对坐标:(90,448)
[2025-03-11 05:39:51.056] [Info] 点击成功 - cheatengine-x86_64-SSE4-AVX2 (90,448)
[2025-03-11 05:39:51.057] [Debug] 设置新的计时器间隔 - 任务:0 基础间隔:4000 随机延迟:13 总间隔:4013
[2025-03-11 05:39:56.964] [Debug] 触发任务计时器 - 索引:0
[2025-03-11 05:39:56.988] [Info] 执行任务点击 - 索引:0 进程:cheatengine-x86_64-SSE4-AVX2 位置:(90,16)
[2025-03-11 05:39:56.989] [Debug] 开始执行点击 - 进程:cheatengine-x86_64-SSE4-AVX2 PID:73780 位置:(90,16) 模式:模式1
[2025-03-11 05:39:56.990] [Debug] 尝试直接向控件发送消息 - 句柄:0x05A1161C 相对坐标:(90,16)
[2025-03-11 05:39:57.020] [Info] 点击成功 - cheatengine-x86_64-SSE4-AVX2 (90,16)
[2025-03-11 05:39:57.022] [Debug] 设置新的计时器间隔 - 任务:0 基础间隔:4000 随机延迟:36 总间隔:4036
[2025-03-11 05:39:59.075] [Info] 开始自动点击
[2025-03-11 05:39:59.076] [Info] 创建任务计时器 - 索引:0 进程:cheatengine-x86_64-SSE4-AVX2 间隔:4000ms
[2025-03-11 05:40:03.107] [Debug] 触发任务计时器 - 索引:0
[2025-03-11 05:40:03.131] [Info] 执行任务点击 - 索引:0 进程:cheatengine-x86_64-SSE4-AVX2 位置:(90,16)
[2025-03-11 05:40:03.133] [Debug] 开始执行点击 - 进程:cheatengine-x86_64-SSE4-AVX2 PID:73780 位置:(90,16) 模式:模式1
[2025-03-11 05:40:03.134] [Debug] 尝试直接向控件发送消息 - 句柄:0x05A1161C 相对坐标:(90,16)
[2025-03-11 05:40:03.177] [Info] 点击成功 - cheatengine-x86_64-SSE4-AVX2 (90,16)
[2025-03-11 05:40:03.178] [Debug] 设置新的计时器间隔 - 任务:0 基础间隔:4000 随机延迟:67 总间隔:4067
[2025-03-11 05:40:07.254] [Debug] 触发任务计时器 - 索引:0
[2025-03-11 05:40:07.277] [Info] 执行任务点击 - 索引:0 进程:cheatengine-x86_64-SSE4-AVX2 位置:(90,16)
[2025-03-11 05:40:07.278] [Debug] 开始执行点击 - 进程:cheatengine-x86_64-SSE4-AVX2 PID:73780 位置:(90,16) 模式:模式1
[2025-03-11 05:40:07.279] [Debug] 尝试直接向控件发送消息 - 句柄:0x05A1161C 相对坐标:(90,16)
[2025-03-11 05:40:07.519] [Info] 点击成功 - cheatengine-x86_64-SSE4-AVX2 (90,16)
[2025-03-11 05:40:07.520] [Debug] 设置新的计时器间隔 - 任务:0 基础间隔:4000 随机延迟:136 总间隔:4136
[2025-03-11 05:40:11.660] [Debug] 触发任务计时器 - 索引:0
[2025-03-11 05:40:11.684] [Info] 执行任务点击 - 索引:0 进程:cheatengine-x86_64-SSE4-AVX2 位置:(90,16)
[2025-03-11 05:40:11.685] [Debug] 开始执行点击 - 进程:cheatengine-x86_64-SSE4-AVX2 PID:73780 位置:(90,16) 模式:模式1
[2025-03-11 05:40:11.686] [Debug] 尝试直接向控件发送消息 - 句柄:0x05A1161C 相对坐标:(90,16)
[2025-03-11 05:40:11.755] [Info] 点击成功 - cheatengine-x86_64-SSE4-AVX2 (90,16)
[2025-03-11 05:40:11.756] [Debug] 设置新的计时器间隔 - 任务:0 基础间隔:4000 随机延迟:199 总间隔:4199
[2025-03-11 05:40:15.961] [Debug] 触发任务计时器 - 索引:0
[2025-03-11 05:40:15.993] [Info] 执行任务点击 - 索引:0 进程:cheatengine-x86_64-SSE4-AVX2 位置:(90,16)
[2025-03-11 05:40:15.995] [Debug] 开始执行点击 - 进程:cheatengine-x86_64-SSE4-AVX2 PID:73780 位置:(90,16) 模式:模式1
[2025-03-11 05:40:15.997] [Debug] 尝试直接向控件发送消息 - 句柄:0x05A1161C 相对坐标:(90,16)
[2025-03-11 05:40:16.079] [Info] 点击成功 - cheatengine-x86_64-SSE4-AVX2 (90,16)
[2025-03-11 05:40:16.080] [Debug] 设置新的计时器间隔 - 任务:0 基础间隔:4000 随机延迟:68 总间隔:4068
[2025-03-11 05:41:39.428] [Info] ==================================================
[2025-03-11 05:41:39.429] [Info] 程序启动 - 版本: 1.0 - 时间: 2025/3/11 5:41:39
[2025-03-11 05:41:39.430] [Info] ==================================================
[2025-03-11 05:41:39.431] [Info] MainForm初始化开始
[2025-03-11 05:41:39.578] [Info] MainForm初始化完成
[2025-03-11 05:43:33.542] [Info] ==================================================
[2025-03-11 05:43:33.543] [Info] 程序启动 - 版本: 1.0 - 时间: 2025/3/11 5:43:33
[2025-03-11 05:43:33.544] [Info] ==================================================
[2025-03-11 05:43:33.546] [Info] MainForm初始化开始
[2025-03-11 05:43:33.660] [Info] MainForm初始化完成
[2025-03-11 05:43:37.793] [Info] 开始自动点击
[2025-03-11 05:43:45.309] [Debug] 触发任务计时器 - 索引:0
[2025-03-11 05:43:45.332] [Info] 执行任务点击 - 索引:0 进程:cheatengine-x86_64-SSE4-AVX2 位置:(87,447)
[2025-03-11 05:43:45.334] [Debug] 开始执行点击 - 进程:cheatengine-x86_64-SSE4-AVX2 PID:9516 位置:(87,447) 模式:模式1
[2025-03-11 05:43:45.335] [Debug] 尝试直接向控件发送消息 - 句柄:0x08B21E2E 相对坐标:(87,447)
[2025-03-11 05:43:45.567] [Info] 点击成功 - cheatengine-x86_64-SSE4-AVX2 (87,447)
[2025-03-11 05:43:45.569] [Debug] 设置新的计时器间隔 - 任务:0 基础间隔:4000 随机延迟:62 总间隔:4062
[2025-03-11 05:43:49.623] [Debug] 触发任务计时器 - 索引:0
[2025-03-11 05:43:49.668] [Info] 执行任务点击 - 索引:0 进程:cheatengine-x86_64-SSE4-AVX2 位置:(87,447)
[2025-03-11 05:43:49.669] [Debug] 开始执行点击 - 进程:cheatengine-x86_64-SSE4-AVX2 PID:9516 位置:(87,447) 模式:模式1
[2025-03-11 05:43:49.670] [Debug] 尝试直接向控件发送消息 - 句柄:0x08B21E2E 相对坐标:(87,447)
[2025-03-11 05:43:49.778] [Info] 点击成功 - cheatengine-x86_64-SSE4-AVX2 (87,447)
[2025-03-11 05:43:49.779] [Debug] 设置新的计时器间隔 - 任务:0 基础间隔:4000 随机延迟:69 总间隔:4069
[2025-03-11 05:43:53.863] [Debug] 触发任务计时器 - 索引:0
[2025-03-11 05:43:53.887] [Info] 执行任务点击 - 索引:0 进程:cheatengine-x86_64-SSE4-AVX2 位置:(87,447)
[2025-03-11 05:43:53.888] [Debug] 开始执行点击 - 进程:cheatengine-x86_64-SSE4-AVX2 PID:9516 位置:(87,447) 模式:模式1
[2025-03-11 05:43:53.889] [Debug] 尝试直接向控件发送消息 - 句柄:0x08B21E2E 相对坐标:(87,447)
[2025-03-11 05:43:53.942] [Info] 点击成功 - cheatengine-x86_64-SSE4-AVX2 (87,447)
[2025-03-11 05:43:53.943] [Debug] 设置新的计时器间隔 - 任务:0 基础间隔:4000 随机延迟:164 总间隔:4164
[2025-03-11 05:47:40.883] [Info] ==================================================
[2025-03-11 05:47:40.883] [Info] 程序启动 - 版本: 1.0 - 时间: 2025/3/11 5:47:40
[2025-03-11 05:47:40.884] [Info] ==================================================
[2025-03-11 05:47:40.885] [Info] MainForm初始化开始
[2025-03-11 05:47:41.001] [Info] MainForm初始化完成
[2025-03-11 05:54:48.961] [Info] ==================================================
[2025-03-11 05:54:48.962] [Info] 程序启动 - 版本: 1.0 - 时间: 2025/3/11 5:54:48
[2025-03-11 05:54:48.963] [Info] ==================================================
[2025-03-11 05:54:48.964] [Info] MainForm初始化开始
[2025-03-11 05:54:49.079] [Info] MainForm初始化完成
[2025-03-11 05:54:56.180] [Debug] 添加任务 - 屏幕坐标:(195,710) 控件相对坐标:(91,16)
[2025-03-11 05:55:02.258] [Info] 开始自动点击
[2025-03-11 05:55:02.258] [Info] 创建任务计时器 - 索引:0 进程:cheatengine-x86_64-SSE4-AVX2 间隔:4000ms
[2025-03-11 05:55:06.268] [Debug] 触发任务计时器 - 索引:0
[2025-03-11 05:55:06.290] [Info] 执行任务点击 - 索引:0 进程:cheatengine-x86_64-SSE4-AVX2 位置:(91,16)
[2025-03-11 05:55:06.292] [Debug] 开始执行点击 - 进程:cheatengine-x86_64-SSE4-AVX2 PID:9516 位置:(91,16) 模式:模式1
[2025-03-11 05:55:06.294] [Debug] 尝试直接向控件发送消息 - 句柄:0x08B21E2E 相对坐标:(91,16)
[2025-03-11 05:55:06.396] [Info] 点击成功 - cheatengine-x86_64-SSE4-AVX2 (91,16)
[2025-03-11 05:55:06.398] [Debug] 设置新的计时器间隔 - 任务:0 基础间隔:4000 随机延迟:172 总间隔:4172
[2025-03-11 07:46:10.168] [Info] ==================================================
[2025-03-11 07:46:10.169] [Info] 程序启动 - 版本: 1.0 - 时间: 2025/3/11 7:46:10
[2025-03-11 07:46:10.170] [Info] ==================================================
[2025-03-11 07:46:10.172] [Info] MainForm初始化开始
[2025-03-11 07:46:10.327] [Info] MainForm初始化完成
[2025-03-11 07:48:04.725] [Info] ==================================================
[2025-03-11 07:48:04.726] [Info] 程序启动 - 版本: 1.0 - 时间: 2025/3/11 7:48:04
[2025-03-11 07:48:04.726] [Info] ==================================================
[2025-03-11 07:48:04.727] [Info] MainForm初始化开始
[2025-03-11 07:48:04.874] [Info] MainForm初始化完成
[2025-03-11 07:49:09.175] [Info] ==================================================
[2025-03-11 07:49:09.176] [Info] 程序启动 - 版本: 1.0 - 时间: 2025/3/11 7:49:09
[2025-03-11 07:49:09.176] [Info] ==================================================
[2025-03-11 07:49:09.177] [Info] MainForm初始化开始
[2025-03-11 07:49:09.322] [Info] MainForm初始化完成
[2025-03-11 07:50:27.539] [Info] ==================================================
[2025-03-11 07:50:27.539] [Info] 程序启动 - 版本: 1.0 - 时间: 2025/3/11 7:50:27
[2025-03-11 07:50:27.541] [Info] ==================================================
[2025-03-11 07:50:27.542] [Info] MainForm初始化开始
[2025-03-11 07:50:27.697] [Info] MainForm初始化完成
[2025-03-11 07:51:50.563] [Info] ==================================================
[2025-03-11 07:51:50.563] [Info] 程序启动 - 版本: 1.0 - 时间: 2025/3/11 7:51:50
[2025-03-11 07:51:50.564] [Info] ==================================================
[2025-03-11 07:51:50.565] [Info] MainForm初始化开始
[2025-03-11 07:51:50.713] [Info] MainForm初始化完成
[2025-03-11 07:53:22.570] [Info] ==================================================
[2025-03-11 07:53:22.571] [Info] 程序启动 - 版本: 1.0 - 时间: 2025/3/11 7:53:22
[2025-03-11 07:53:22.572] [Info] ==================================================
[2025-03-11 07:53:22.573] [Info] MainForm初始化开始
[2025-03-11 07:53:22.721] [Info] MainForm初始化完成
[2025-03-11 07:54:03.265] [Info] ==================================================
[2025-03-11 07:54:03.266] [Info] 程序启动 - 版本: 1.0 - 时间: 2025/3/11 7:54:03
[2025-03-11 07:54:03.266] [Info] ==================================================
[2025-03-11 07:54:03.267] [Info] MainForm初始化开始
[2025-03-11 07:54:03.414] [Info] MainForm初始化完成
[2025-03-11 07:54:41.122] [Info] ==================================================
[2025-03-11 07:54:41.122] [Info] 程序启动 - 版本: 1.0 - 时间: 2025/3/11 7:54:41
[2025-03-11 07:54:41.123] [Info] ==================================================
[2025-03-11 07:54:41.125] [Info] MainForm初始化开始
[2025-03-11 07:54:41.272] [Info] MainForm初始化完成
[2025-03-11 07:55:12.248] [Info] ==================================================
[2025-03-11 07:55:12.250] [Info] 程序启动 - 版本: 1.0 - 时间: 2025/3/11 7:55:12
[2025-03-11 07:55:12.251] [Info] ==================================================
[2025-03-11 07:55:12.251] [Info] MainForm初始化开始
[2025-03-11 07:55:12.398] [Info] MainForm初始化完成
[2025-03-11 07:55:14.954] [Debug] 添加任务 - 屏幕坐标:(507,481) 控件相对坐标:(347,329)
[2025-03-11 07:55:15.411] [Debug] 添加任务 - 屏幕坐标:(505,528) 控件相对坐标:(345,376)
[2025-03-11 07:55:15.741] [Debug] 添加任务 - 屏幕坐标:(505,553) 控件相对坐标:(345,401)
[2025-03-11 07:55:16.069] [Debug] 添加任务 - 屏幕坐标:(499,449) 控件相对坐标:(339,297)
[2025-03-11 07:55:16.346] [Debug] 添加任务 - 屏幕坐标:(462,431) 控件相对坐标:(302,279)
[2025-03-11 07:55:16.569] [Debug] 添加任务 - 屏幕坐标:(392,546) 控件相对坐标:(232,394)
[2025-03-11 07:55:16.779] [Debug] 添加任务 - 屏幕坐标:(428,598) 控件相对坐标:(268,446)
[2025-03-11 07:56:40.309] [Info] ==================================================
[2025-03-11 07:56:40.309] [Info] 程序启动 - 版本: 1.0 - 时间: 2025/3/11 7:56:40
[2025-03-11 07:56:40.311] [Info] ==================================================
[2025-03-11 07:56:40.311] [Info] MainForm初始化开始
[2025-03-11 07:56:40.457] [Info] MainForm初始化完成
[2025-03-11 07:59:25.265] [Info] ==================================================
[2025-03-11 07:59:25.266] [Info] 程序启动 - 版本: 1.0 - 时间: 2025/3/11 7:59:25
[2025-03-11 07:59:25.267] [Info] ==================================================
[2025-03-11 07:59:25.268] [Info] MainForm初始化开始
[2025-03-11 07:59:25.413] [Info] MainForm初始化完成
[2025-03-11 08:53:29.795] [Info] ==================================================
[2025-03-11 08:53:29.796] [Info] 程序启动 - 版本: 1.0 - 时间: 2025/3/11 8:53:29
[2025-03-11 08:53:29.797] [Info] ==================================================
[2025-03-11 08:53:29.798] [Info] MainForm初始化开始
[2025-03-11 08:53:29.953] [Info] MainForm初始化完成
[2025-03-11 08:53:55.981] [Info] ==================================================
[2025-03-11 08:53:55.982] [Info] 程序启动 - 版本: 1.0 - 时间: 2025/3/11 8:53:55
[2025-03-11 08:53:55.983] [Info] ==================================================
[2025-03-11 08:53:55.984] [Info] MainForm初始化开始
[2025-03-11 08:53:56.135] [Info] MainForm初始化完成
[2025-03-11 08:54:06.536] [Debug] 添加任务 - 屏幕坐标:(1053,228) 控件相对坐标:(893,76)
[2025-03-11 08:58:14.026] [Info] ==================================================
[2025-03-11 08:58:14.027] [Info] 程序启动 - 版本: 1.0 - 时间: 2025/3/11 8:58:14
[2025-03-11 08:58:14.027] [Info] ==================================================
[2025-03-11 08:58:14.028] [Info] MainForm初始化开始
[2025-03-11 08:58:14.172] [Info] MainForm初始化完成
[2025-03-11 09:00:40.323] [Info] ==================================================
[2025-03-11 09:00:40.323] [Info] 程序启动 - 版本: 1.0 - 时间: 2025/3/11 9:00:40
[2025-03-11 09:00:40.324] [Info] ==================================================
[2025-03-11 09:00:40.325] [Info] MainForm初始化开始
[2025-03-11 09:00:40.469] [Info] MainForm初始化完成
[2025-03-11 09:05:09.935] [Info] ==================================================
[2025-03-11 09:05:09.936] [Info] 程序启动 - 版本: 1.0 - 时间: 2025/3/11 9:05:09
[2025-03-11 09:05:09.938] [Info] ==================================================
[2025-03-11 09:05:09.938] [Info] MainForm初始化开始
[2025-03-11 09:05:10.089] [Info] MainForm初始化完成
[2025-03-11 10:25:04.313] [Info] ==================================================
[2025-03-11 10:25:04.314] [Info] 程序启动 - 版本: 1.0 - 时间: 2025/3/11 10:25:04
[2025-03-11 10:25:04.315] [Info] ==================================================
[2025-03-11 10:25:04.316] [Info] MainForm初始化开始
[2025-03-11 10:25:04.674] [Info] MainForm初始化完成
[2025-03-11 10:25:11.313] [Debug] 添加任务 - 屏幕坐标:(689,522) 控件相对坐标:(529,370)
[2025-03-11 10:27:13.280] [Info] ==================================================
[2025-03-11 10:27:13.281] [Info] 程序启动 - 版本: 1.0 - 时间: 2025/3/11 10:27:13
[2025-03-11 10:27:13.282] [Info] ==================================================
[2025-03-11 10:27:13.283] [Info] MainForm初始化开始
[2025-03-11 10:27:13.391] [Info] MainForm初始化完成
[2025-03-11 10:27:16.943] [Debug] 添加任务 - 屏幕坐标:(473,658) 控件相对坐标:(313,506)
[2025-03-11 10:27:17.287] [Debug] 添加任务 - 屏幕坐标:(507,706) 控件相对坐标:(347,554)
[2025-03-11 10:27:17.672] [Debug] 添加任务 - 屏幕坐标:(528,812) 控件相对坐标:(368,660)
[2025-03-11 10:27:18.054] [Debug] 添加任务 - 屏幕坐标:(727,637) 控件相对坐标:(567,485)
[2025-03-11 10:27:18.306] [Debug] 添加任务 - 屏幕坐标:(511,503) 控件相对坐标:(351,351)
[2025-03-11 10:27:26.043] [Info] 已删除选中的任务
[2025-03-11 10:28:02.432] [Info] ==================================================
[2025-03-11 10:28:02.433] [Info] 程序启动 - 版本: 1.0 - 时间: 2025/3/11 10:28:02
[2025-03-11 10:28:02.434] [Info] ==================================================
[2025-03-11 10:28:02.435] [Info] MainForm初始化开始
[2025-03-11 10:28:02.541] [Info] MainForm初始化完成
[2025-03-11 10:43:16.442] [Info] ==================================================
[2025-03-11 10:43:16.443] [Info] 程序启动 - 版本: 1.0 - 时间: 2025/3/11 10:43:16
[2025-03-11 10:43:16.444] [Info] ==================================================
[2025-03-11 10:43:16.445] [Info] MainForm初始化开始
[2025-03-11 10:43:16.561] [Info] MainForm初始化完成
[2025-03-11 10:43:38.000] [Info] ==================================================
[2025-03-11 10:43:38.001] [Info] 程序启动 - 版本: 1.0 - 时间: 2025/3/11 10:43:38
[2025-03-11 10:43:38.002] [Info] ==================================================
[2025-03-11 10:43:38.003] [Info] MainForm初始化开始
[2025-03-11 10:43:38.120] [Info] MainForm初始化完成
[2025-03-11 11:53:56.065] [Info] ==================================================
[2025-03-11 11:53:56.066] [Info] 程序启动 - 版本: 1.0 - 时间: 2025/3/11 11:53:56
[2025-03-11 11:53:56.067] [Info] ==================================================
[2025-03-11 11:53:56.068] [Info] MainForm初始化开始
[2025-03-11 11:53:56.207] [Info] MainForm初始化完成
[2025-03-11 11:54:16.520] [Info] ==================================================
[2025-03-11 11:54:16.521] [Info] 程序启动 - 版本: 1.0 - 时间: 2025/3/11 11:54:16
[2025-03-11 11:54:16.522] [Info] ==================================================
[2025-03-11 11:54:16.523] [Info] MainForm初始化开始
[2025-03-11 11:54:16.638] [Info] MainForm初始化完成
[2025-03-11 11:54:50.531] [Info] ==================================================
[2025-03-11 11:54:50.532] [Info] 程序启动 - 版本: 1.0 - 时间: 2025/3/11 11:54:50
[2025-03-11 11:54:50.532] [Info] ==================================================
[2025-03-11 11:54:50.534] [Info] MainForm初始化开始
[2025-03-11 11:54:50.649] [Info] MainForm初始化完成
[2025-03-11 11:57:01.446] [Info] ==================================================
[2025-03-11 11:57:01.447] [Info] 程序启动 - 版本: 1.0 - 时间: 2025/3/11 11:57:01
[2025-03-11 11:57:01.448] [Info] ==================================================
[2025-03-11 11:57:01.449] [Info] MainForm初始化开始
[2025-03-11 11:57:01.568] [Info] MainForm初始化完成
[2025-03-11 11:57:42.212] [Info] ==================================================
[2025-03-11 11:57:42.213] [Info] 程序启动 - 版本: 1.0 - 时间: 2025/3/11 11:57:42
[2025-03-11 11:57:42.214] [Info] ==================================================
[2025-03-11 11:57:42.214] [Info] MainForm初始化开始
[2025-03-11 11:57:42.330] [Info] MainForm初始化完成
[2025-03-11 12:09:17.253] [Info] ==================================================
[2025-03-11 12:09:17.253] [Info] 程序启动 - 版本: 1.0 - 时间: 2025/3/11 12:09:17
[2025-03-11 12:09:17.255] [Info] ==================================================
[2025-03-11 12:09:17.255] [Info] MainForm初始化开始
[2025-03-11 12:09:17.371] [Info] MainForm初始化完成
[2025-03-11 12:09:22.455] [Debug] 添加任务 - 屏幕坐标:(493,477) 控件相对坐标:(333,325)
[2025-03-11 12:09:22.928] [Debug] 添加任务 - 屏幕坐标:(437,598) 控件相对坐标:(277,446)
[2025-03-11 12:09:23.382] [Debug] 添加任务 - 屏幕坐标:(491,762) 控件相对坐标:(331,610)
[2025-03-11 12:09:23.725] [Debug] 添加任务 - 屏幕坐标:(387,474) 控件相对坐标:(227,322)
[2025-03-11 12:09:23.984] [Debug] 添加任务 - 屏幕坐标:(513,385) 控件相对坐标:(353,233)
[2025-03-11 12:09:37.718] [Info] 已删除选中的任务
[2025-03-11 12:10:22.890] [Info] ==================================================
[2025-03-11 12:10:22.891] [Info] 程序启动 - 版本: 1.0 - 时间: 2025/3/11 12:10:22
[2025-03-11 12:10:22.892] [Info] ==================================================
[2025-03-11 12:10:22.892] [Info] MainForm初始化开始
[2025-03-11 12:10:23.036] [Info] MainForm初始化完成
[2025-03-11 12:10:29.347] [Debug] 添加任务 - 屏幕坐标:(302,488) 控件相对坐标:(142,336)
[2025-03-11 12:10:30.073] [Debug] 添加任务 - 屏幕坐标:(333,596) 控件相对坐标:(173,444)
[2025-03-11 12:10:30.312] [Debug] 添加任务 - 屏幕坐标:(369,744) 控件相对坐标:(209,592)
[2025-03-11 12:10:30.533] [Debug] 添加任务 - 屏幕坐标:(423,729) 控件相对坐标:(263,577)
[2025-03-11 12:10:30.740] [Debug] 添加任务 - 屏幕坐标:(368,505) 控件相对坐标:(208,353)
[2025-03-11 12:10:30.957] [Debug] 添加任务 - 屏幕坐标:(301,656) 控件相对坐标:(141,504)
[2025-03-11 12:10:34.164] [Info] 已删除选中的任务
[2025-03-11 12:10:49.289] [Info] ==================================================
[2025-03-11 12:10:49.290] [Info] 程序启动 - 版本: 1.0 - 时间: 2025/3/11 12:10:49
[2025-03-11 12:10:49.291] [Info] ==================================================
[2025-03-11 12:10:49.292] [Info] MainForm初始化开始
[2025-03-11 12:10:49.421] [Info] MainForm初始化完成
[2025-03-11 12:13:53.928] [Info] ==================================================
[2025-03-11 12:13:53.929] [Info] 程序启动 - 版本: 1.0 - 时间: 2025/3/11 12:13:53
[2025-03-11 12:13:53.930] [Info] ==================================================
[2025-03-11 12:13:53.931] [Info] MainForm初始化开始
[2025-03-11 12:13:54.113] [Info] MainForm初始化完成
[2025-03-11 12:13:56.830] [Debug] 添加任务 - 屏幕坐标:(196,452) 控件相对坐标:(36,300)
[2025-03-11 12:13:57.677] [Debug] 添加任务 - 屏幕坐标:(283,450) 控件相对坐标:(123,298)
[2025-03-11 12:13:57.903] [Debug] 添加任务 - 屏幕坐标:(298,533) 控件相对坐标:(138,381)
[2025-03-11 12:13:58.119] [Debug] 添加任务 - 屏幕坐标:(301,565) 控件相对坐标:(141,413)
[2025-03-11 12:13:58.284] [Debug] 添加任务 - 屏幕坐标:(307,562) 控件相对坐标:(147,410)
[2025-03-11 12:14:00.731] [Info] 已删除选中的任务
[2025-03-11 12:15:44.525] [Info] ==================================================
[2025-03-11 12:15:44.526] [Info] 程序启动 - 版本: 1.0 - 时间: 2025/3/11 12:15:44
[2025-03-11 12:15:44.527] [Info] ==================================================
[2025-03-11 12:15:44.528] [Info] MainForm初始化开始
[2025-03-11 12:15:44.649] [Info] MainForm初始化完成
[2025-03-11 12:19:13.178] [Info] ==================================================
[2025-03-11 12:19:13.179] [Info] 程序启动 - 版本: 1.0 - 时间: 2025/3/11 12:19:13
[2025-03-11 12:19:13.180] [Info] ==================================================
[2025-03-11 12:19:13.181] [Info] MainForm初始化开始
[2025-03-11 12:19:13.295] [Info] MainForm初始化完成
[2025-03-11 12:26:10.786] [Info] ==================================================
[2025-03-11 12:26:10.786] [Info] 程序启动 - 版本: 1.0 - 时间: 2025/3/11 12:26:10
[2025-03-11 12:26:10.788] [Info] ==================================================
[2025-03-11 12:26:10.789] [Info] MainForm初始化开始
[2025-03-11 12:26:10.902] [Info] MainForm初始化完成
[2025-03-11 12:27:07.779] [Info] ==================================================
[2025-03-11 12:27:07.779] [Info] 程序启动 - 版本: 1.0 - 时间: 2025/3/11 12:27:07
[2025-03-11 12:27:07.780] [Info] ==================================================
[2025-03-11 12:27:07.781] [Info] MainForm初始化开始
[2025-03-11 12:27:07.891] [Info] MainForm初始化完成
[2025-03-11 12:30:09.530] [Info] ==================================================
[2025-03-11 12:30:09.531] [Info] 程序启动 - 版本: 1.0 - 时间: 2025/3/11 12:30:09
[2025-03-11 12:30:09.531] [Info] ==================================================
[2025-03-11 12:30:09.532] [Info] MainForm初始化开始
[2025-03-11 12:30:09.660] [Info] MainForm初始化完成
[2025-03-11 12:43:02.480] [Info] ==================================================
[2025-03-11 12:43:02.481] [Info] 程序启动 - 版本: 1.0 - 时间: 2025/3/11 12:43:02
[2025-03-11 12:43:02.482] [Info] ==================================================
[2025-03-11 12:43:02.483] [Info] MainForm初始化开始
[2025-03-11 12:43:02.620] [Info] MainForm初始化完成
[2025-03-11 12:43:04.223] [Info] 开始自动点击
[2025-03-11 12:43:33.459] [Info] ==================================================
[2025-03-11 12:43:33.459] [Info] 程序启动 - 版本: 1.0 - 时间: 2025/3/11 12:43:33
[2025-03-11 12:43:33.460] [Info] ==================================================
[2025-03-11 12:43:33.461] [Info] MainForm初始化开始
[2025-03-11 12:43:33.584] [Info] MainForm初始化完成
[2025-03-11 12:43:35.935] [Info] 开始自动点击
[2025-03-11 12:43:38.317] [Info] 开始自动点击
[2025-03-11 12:44:37.254] [Info] ==================================================
[2025-03-11 12:44:37.255] [Info] 程序启动 - 版本: 1.0 - 时间: 2025/3/11 12:44:37
[2025-03-11 12:44:37.256] [Info] ==================================================
[2025-03-11 12:44:37.256] [Info] MainForm初始化开始
[2025-03-11 12:44:37.373] [Info] MainForm初始化完成
[2025-03-11 12:44:40.460] [Info] 开始自动点击
[2025-03-11 12:44:42.862] [Info] 开始自动点击
[2025-03-11 12:44:44.643] [Info] 开始自动点击
[2025-03-11 12:44:46.385] [Info] 开始自动点击
[2025-03-11 12:44:48.239] [Info] 开始自动点击
[2025-03-11 12:44:52.736] [Info] 开始自动点击
[2025-03-11 12:44:56.151] [Info] 开始自动点击
[2025-03-11 12:44:57.752] [Info] 开始自动点击
[2025-03-11 12:44:58.992] [Info] 开始自动点击
[2025-03-11 12:46:53.299] [Info] ==================================================
[2025-03-11 12:46:53.300] [Info] 程序启动 - 版本: 1.0 - 时间: 2025/3/11 12:46:53
[2025-03-11 12:46:53.301] [Info] ==================================================
[2025-03-11 12:46:53.302] [Info] MainForm初始化开始
[2025-03-11 12:46:53.419] [Info] MainForm初始化完成
[2025-03-11 12:47:22.157] [Info] ==================================================
[2025-03-11 12:47:22.158] [Info] 程序启动 - 版本: 1.0 - 时间: 2025/3/11 12:47:22
[2025-03-11 12:47:22.159] [Info] ==================================================
[2025-03-11 12:47:22.160] [Info] MainForm初始化开始
[2025-03-11 12:47:22.275] [Info] MainForm初始化完成
